<?xml version="1.0" encoding="UTF-8"?>
<!-- Generated by org.testng.reporters.JUnitXMLReporter -->
<testsuite ignored="0" hostname="RAHUL" failures="0" tests="5" name="Default test" time="60.539" errors="0" timestamp="2024-08-20T22:48:15 IST">
  <testcase classname="testCases.TC003_LoginDDT" name="verify_LoginDDT" time="5.561"/>
  <testcase classname="testCases.TC003_LoginDDT" name="verify_LoginDDT" time="14.994"/>
  <testcase classname="testCases.TC003_LoginDDT" name="verify_LoginDDT" time="15.279"/>
  <testcase classname="testCases.TC003_LoginDDT" name="verify_LoginDDT" time="15.324"/>
  <testcase classname="testCases.TC003_LoginDDT" name="verify_LoginDDT" time="5.657"/>
</testsuite> <!-- Default test -->
