<?xml version="1.0" encoding="UTF-8"?>
<!-- Generated by org.testng.reporters.JUnitXMLReporter -->
<testsuite ignored="0" hostname="RAHUL" failures="0" tests="7" name="Test" time="90.206" errors="0" timestamp="2024-09-26T13:23:43 IST">
  <testcase classname="testCases.TC001_AccountRegistrationTest" name="verify_account_registration" time="5.078"/>
  <testcase classname="testCases.TC002_LoginTest" name="verify_login" time="5.355"/>
  <testcase classname="testCases.TC003_LoginDDT" name="verify_LoginDDT" time="5.868"/>
  <testcase classname="testCases.TC003_LoginDDT" name="verify_LoginDDT" time="15.215"/>
  <testcase classname="testCases.TC003_LoginDDT" name="verify_LoginDDT" time="15.178"/>
  <testcase classname="testCases.TC003_LoginDDT" name="verify_LoginDDT" time="15.259"/>
  <testcase classname="testCases.TC003_LoginDDT" name="verify_LoginDDT" time="5.619"/>
</testsuite> <!-- Test -->
