<?xml version="1.0" encoding="UTF-8"?>
<!-- Generated by org.testng.reporters.JUnitXMLReporter -->
<testsuite ignored="0" hostname="RAHUL" failures="0" tests="7" name="Test" time="83.579" errors="0" timestamp="2024-09-26T17:07:16 IST">
  <testcase classname="testCases.TC001_AccountRegistrationTest" name="verify_account_registration" time="4.978"/>
  <testcase classname="testCases.TC002_LoginTest" name="verify_login" time="5.674"/>
  <testcase classname="testCases.TC003_LoginDDT" name="verify_LoginDDT" time="5.474"/>
  <testcase classname="testCases.TC003_LoginDDT" name="verify_LoginDDT" time="15.087"/>
  <testcase classname="testCases.TC003_LoginDDT" name="verify_LoginDDT" time="15.132"/>
  <testcase classname="testCases.TC003_LoginDDT" name="verify_LoginDDT" time="14.994"/>
  <testcase classname="testCases.TC003_LoginDDT" name="verify_LoginDDT" time="5.382"/>
</testsuite> <!-- Test -->
