<?xml version="1.0" encoding="UTF-8"?>
<!-- Generated by org.testng.reporters.JUnitXMLReporter -->
<testsuite ignored="0" hostname="RAHUL" failures="1" tests="1" name="Test(failed)" time="9.762" errors="0" timestamp="2024-08-21T20:44:56 IST">
  <testcase classname="testCases.TC001_AccountRegistrationTest" name="verify_account_registration" time="5.241">
    <failure type="junit.framework.ComparisonFailure" message="expected:&amp;lt;...nt Has Been Created![]&amp;gt; but was:&amp;lt;...nt Has Been Created![!]&amp;gt;">
      <![CDATA[junit.framework.ComparisonFailure: expected:<...nt Has Been Created![]> but was:<...nt Has Been Created![!]>
at junit.framework.Assert.assertEquals(Assert.java:100)
at junit.framework.Assert.assertEquals(Assert.java:107)
at testCases.TC001_AccountRegistrationTest.verify_account_registration(TC001_AccountRegistrationTest.java:49)
at java.base/java.util.ArrayList.forEach(ArrayList.java:1597)
... Removed 25 stack frames]]>
    </failure>
  </testcase> <!-- verify_account_registration -->
</testsuite> <!-- Test(failed) -->
