<?xml version="1.0" encoding="UTF-8"?>
<testsuite xmlns:xsi="http://www.w3.org/2001/XMLSchema-instance" xsi:noNamespaceSchemaLocation="https://maven.apache.org/surefire/maven-surefire-plugin/xsd/surefire-test-report.xsd" version="3.0.2" name="TestSuite" time="85.017" tests="7" errors="0" skipped="0" failures="0">
  <properties>
[...]
</properties>
  <testcase name="verify_account_registration" classname="testCases.TC001_AccountRegistrationTest" time="4.996">
    <system-err><![CDATA[Sept 26, 2024 5:05:54 PM org.openqa.selenium.devtools.CdpVersionFinder findNearestMatch
WARNING: Unable to find an exact match for CDP version 129, returning the closest version; found: 127; Please update to a Selenium version that supports CDP version 129
]]></system-err>
  </testcase>
  <testcase name="verify_login" classname="testCases.TC002_LoginTest" time="5.672">
    <system-err><![CDATA[Sept 26, 2024 5:06:01 PM org.openqa.selenium.devtools.CdpVersionFinder findNearestMatch
WARNING: Unable to find an exact match for CDP version 129, returning the closest version; found: 127; Please update to a Selenium version that supports CDP version 129
]]></system-err>
  </testcase>
  <testcase name="verify_LoginDDT[rahulbelekar1187@gmail.com, Rahul@123, Valid](1)" classname="testCases.TC003_LoginDDT" time="5.474">
    <system-err><![CDATA[Sept 26, 2024 5:06:11 PM org.openqa.selenium.devtools.CdpVersionFinder findNearestMatch
WARNING: Unable to find an exact match for CDP version 129, returning the closest version; found: 127; Please update to a Selenium version that supports CDP version 129
]]></system-err>
  </testcase>
  <testcase name="verify_LoginDDT[ferfievapvn@gmail.com, fisob, Invalid](2)" classname="testCases.TC003_LoginDDT" time="15.091"/>
  <testcase name="verify_LoginDDT[tothketkpo@gmail.com, porouh, Invalid](3)" classname="testCases.TC003_LoginDDT" time="15.133"/>
  <testcase name="verify_LoginDDT[8gurw98g9@gmail.com, 8jio, Invalid](4)" classname="testCases.TC003_LoginDDT" time="14.995"/>
  <testcase name="verify_LoginDDT[rahulbelekar1863@gmail.com, Rahul@321, Valid](5)" classname="testCases.TC003_LoginDDT" time="5.382"/>
</testsuite>